0 silly input [ 'lighthouse' ]
1 silly flags { _: [ 'run' ],
1 silly flags   'reject-cycles': false,
1 silly flags   rejectCycles: false,
1 silly flags   scope: 'kauri-wallet',
1 silly flags   script: 'lighthouse',
1 silly flags   args: [] }
2 verbose rootPath /Users/Ro/www/nav/kauri/kauri-wallet
3 info version 2.11.0
4 silly existsSync /Users/Ro/www/nav/kauri/kauri-wallet/VERSION
5 info versioning independent
6 info scope kauri-wallet
7 silly initialize attempt
8 silly initialize success
9 silly execute attempt
10 silly runScriptInDir lighthouse [] kauri-wallet
11 silly getExecOpts { cwd: '/Users/Ro/www/nav/kauri/kauri-wallet/packages/kauri-wallet' }
12 error lighthouse Errored while running script in 'kauri-wallet'
13 error execute callback with error
14 error Error: Command failed: npm run lighthouse
14 error internal/modules/cjs/loader.js:596
14 error     throw err;
14 error     ^
14 error
14 error Error: Cannot find module 'lighthouse'
14 error     at Function.Module._resolveFilename (internal/modules/cjs/loader.js:594:15)
14 error     at Function.Module._load (internal/modules/cjs/loader.js:520:25)
14 error     at Module.require (internal/modules/cjs/loader.js:650:17)
14 error     at require (internal/modules/cjs/helpers.js:20:18)
14 error     at Object.<anonymous> (/Users/Ro/www/nav/kauri/kauri-wallet/packages/kauri-wallet/lighthouse.js:3:20)
14 error     at Module._compile (internal/modules/cjs/loader.js:702:30)
14 error     at Object.Module._extensions..js (internal/modules/cjs/loader.js:713:10)
14 error     at Module.load (internal/modules/cjs/loader.js:612:32)
14 error     at tryModuleLoad (internal/modules/cjs/loader.js:551:12)
14 error     at Function.Module._load (internal/modules/cjs/loader.js:543:3)
14 error npm ERR! code ELIFECYCLE
14 error npm ERR! errno 1
14 error npm ERR! kauri-wallet@0.0.0 lighthouse: `node lighthouse.js`
14 error npm ERR! Exit status 1
14 error npm ERR!
14 error npm ERR! Failed at the kauri-wallet@0.0.0 lighthouse script.
14 error npm ERR! This is probably not a problem with npm. There is likely additional logging output above.
14 error
14 error npm ERR! A complete log of this run can be found in:
14 error npm ERR!     /Users/Ro/.npm/_logs/2018-06-25T12_48_14_005Z-debug.log
14 error
14 error > kauri-wallet@0.0.0 lighthouse /Users/Ro/www/nav/kauri/kauri-wallet/packages/kauri-wallet
14 error > node lighthouse.js
14 error
14 error Started Lighthouse Audit
14 error
14 error     at Promise.all.then.arr (/usr/local/lib/node_modules/lerna/node_modules/execa/index.js:236:11)
