TN:
SF:/Users/Ro/www/nav/kauri/kauri-wallet/packages/kauri-wallet/src/polyfills.ts
FNF:0
FNH:0
DA:74,1
LF:1
LH:1
BRF:0
BRH:0
end_of_record
TN:
SF:/Users/Ro/www/nav/kauri/kauri-wallet/packages/kauri-wallet/src/test.ts
FNF:0
FNH:0
DA:3,1
DA:4,1
DA:5,1
DA:13,1
DA:18,1
DA:20,1
LF:6
LH:6
BRF:0
BRH:0
end_of_record
TN:
SF:/Users/Ro/www/nav/kauri/kauri-wallet/packages/kauri-wallet/src/app/app.component.ts
FN:11,(anonymous_2)
FN:12,AppComponent
FNF:2
FNH:1
FNDA:1,(anonymous_2)
FNDA:0,AppComponent
DA:1,1
DA:2,1
DA:4,1
DA:11,1
DA:12,0
DA:15,0
DA:16,0
DA:17,1
LF:8
LH:5
BRF:0
BRH:0
end_of_record
TN:
SF:/Users/Ro/www/nav/kauri/kauri-wallet/packages/kauri-wallet/src/app/features/service-workers/sw-log.service.ts
FN:7,(anonymous_2)
FN:9,SwLogService
FN:10,(anonymous_4)
FN:14,(anonymous_5)
FNF:4
FNH:1
FNDA:1,(anonymous_2)
FNDA:0,SwLogService
FNDA:0,(anonymous_4)
FNDA:0,(anonymous_5)
DA:1,1
DA:2,1
DA:7,1
DA:10,0
DA:11,0
DA:12,0
DA:14,0
DA:15,0
DA:16,0
DA:19,1
LF:10
LH:4
BRF:0
BRH:0
end_of_record
TN:
SF:/Users/Ro/www/nav/kauri/kauri-wallet/packages/kauri-wallet/src/app/features/service-workers/sw-update-prompt/sw-update-prompt.component.ts
FN:9,(anonymous_2)
FN:11,SwUpdatePromptComponent
FN:12,(anonymous_4)
FN:19,(anonymous_5)
FN:22,(anonymous_6)
FNF:5
FNH:1
FNDA:1,(anonymous_2)
FNDA:0,SwUpdatePromptComponent
FNDA:0,(anonymous_4)
FNDA:0,(anonymous_5)
FNDA:0,(anonymous_6)
DA:1,1
DA:2,1
DA:9,1
DA:10,0
DA:11,0
DA:12,0
DA:13,0
DA:14,0
DA:15,0
DA:19,1
DA:22,1
DA:23,0
DA:26,1
LF:13
LH:6
BRF:0
BRH:0
end_of_record
TN:
SF:/Users/Ro/www/nav/kauri/kauri-wallet/packages/kauri-wallet/src/app/translation-sample/translation-sample.component.ts
FN:8,(anonymous_2)
FN:10,TranslationSampleComponent
FNF:2
FNH:2
FNDA:1,(anonymous_2)
FNDA:1,TranslationSampleComponent
DA:1,1
DA:8,1
DA:12,1
DA:13,1
DA:14,1
DA:16,1
LF:6
LH:6
BRF:0
BRH:0
end_of_record
TN:
SF:/Users/Ro/www/nav/kauri/kauri-wallet/packages/temp-test-module/index.js
FNF:0
FNH:0
DA:1,1
LF:1
LH:1
BRF:0
BRH:0
end_of_record
